<?xml version="1.0" encoding="UTF-8"?>
<!-- Generated by org.testng.reporters.JUnitReportReporter -->
<testsuite hostname="Manoj_G" failures="0" tests="1" name="manoj.tset.SubmitOrderTest" time="11.051" errors="0" timestamp="2024-08-21T19:17:47 IST" skipped="0">
  <testcase classname="manoj.tset.SubmitOrderTest" name="submitOrder" time="11.051"/>
</testsuite> <!-- manoj.tset.SubmitOrderTest -->
