<?xml version="1.0" encoding="UTF-8"?>
<!-- Generated by org.testng.reporters.JUnitReportReporter -->
<testsuite hostname="Manoj_G" failures="0" tests="3" name="manoj.test.SubmitOrderTest" time="41.493" errors="0" timestamp="2024-08-23T12:27:54 IST" skipped="0">
  <testcase classname="manoj.test.SubmitOrderTest" name="submitOrder" time="25.245"/>
  <testcase classname="manoj.test.SubmitOrderTest" name="submitOrder" time="10.218"/>
  <testcase classname="manoj.test.SubmitOrderTest" name="OrderHistory" time="6.030"/>
</testsuite> <!-- manoj.test.SubmitOrderTest -->
