<?xml version="1.0" encoding="UTF-8"?>
<!-- Generated by org.testng.reporters.JUnitReportReporter -->
<testsuite hostname="Manoj_G" failures="0" tests="1" name="manoj.test.ErrorValidationsTest" time="7.701" errors="0" timestamp="2024-08-27T15:39:23 IST" skipped="0">
  <testcase classname="manoj.test.ErrorValidationsTest" name="LogInErrorValidation" time="7.701"/>
</testsuite> <!-- manoj.test.ErrorValidationsTest -->
