<?xml version="1.0" encoding="UTF-8"?>
<!-- Generated by org.testng.reporters.JUnitReportReporter -->
<testsuite hostname="Manoj_G" failures="0" tests="2" name="manoj.test.ErrorValidationsTest" time="29.884" errors="0" timestamp="2024-08-27T16:16:03 IST" skipped="0">
  <testcase classname="manoj.test.ErrorValidationsTest" name="ProductErrorValidation" time="22.004"/>
  <testcase classname="manoj.test.ErrorValidationsTest" name="LogInErrorValidation" time="7.880"/>
</testsuite> <!-- manoj.test.ErrorValidationsTest -->
