<?xml version="1.0" encoding="UTF-8"?>
<!-- Generated by org.testng.reporters.JUnitReportReporter -->
<testsuite hostname="Manoj_G" failures="0" tests="1" name="Cucumber.TestNGTestRunner" time="22.481" errors="0" timestamp="2024-08-27T16:14:06 IST" skipped="0">
  <testcase classname="Cucumber.TestNGTestRunner" name="runScenario" time="22.481"/>
</testsuite> <!-- Cucumber.TestNGTestRunner -->
