<?xml version="1.0" encoding="UTF-8"?>
<!-- Generated by org.testng.reporters.JUnitReportReporter -->
<testsuite hostname="Manoj_G" failures="0" tests="3" name="manoj.test.SubmitOrderTest" time="55.217" errors="0" timestamp="2024-08-27T16:16:03 IST" skipped="0">
  <testcase classname="manoj.test.SubmitOrderTest" name="submitOrder" time="22.325"/>
  <testcase classname="manoj.test.SubmitOrderTest" name="OrderHistory" time="7.431"/>
  <testcase classname="manoj.test.SubmitOrderTest" name="submitOrder" time="25.461"/>
</testsuite> <!-- manoj.test.SubmitOrderTest -->
